{"level":"info","message":{"req":{"email":"sshivam548@gmail.com","password":"123456789012"},"res":{"status":true,"token":"20|eyJhbGciOiJIUzI1NiIsInR5cCI6IkpXVCJ9.eyJ1c2VySWQiOjEsImV4cCI6MTcxNTcwNjg3OSwiaWF0IjoxNjg0MTcwODc5fQ.Ja7vePccyoEUe4qtO63B1nUMFkFIyoskooV0ZpSM6Bo","user":{"email":"sshivam548@gmail.com","id":1,"name":"shivam sahu2","password":"$2b$10$zcQjkwKRUnmOGOsBMxVvH.wA/5vcAJ.q/Nq47PnoJsq8ucEEdwWj2"}}},"timestamp":"2023-05-15T17:14:39.855Z"}
{"level":"info","message":{"req":{"email":"sshivam548@gmail.com","name":""},"res":{"errors":[{"location":"body","msg":"name is required","path":"name","type":"field","value":""},{"location":"body","msg":"must be at lest 8 character","path":"password","type":"field"}]}},"timestamp":"2023-05-15T19:06:07.002Z"}
{"level":"info","message":{"req":{"email":"sshivam548@gmail.com"},"res":{"email":"sshivam548@gmail.com"}},"timestamp":"2023-05-15T19:07:14.923Z"}
{"level":"info","message":{"req":{"email":"sshivam548@gmail.com"},"res":{"msg":"email sent"}},"timestamp":"2023-05-15T19:43:02.086Z"}
{"level":"info","message":{"req":{"email":"sshivam5468@gmail.com"},"res":{"error":"user does not exist"}},"timestamp":"2023-05-15T19:44:43.382Z"}
{"level":"info","message":{"req":{"email":"sshivam548@gmail.com"},"res":{"msg":"email sent"}},"timestamp":"2023-05-15T19:45:49.442Z"}
{"level":"info","message":{"req":{"email":"sshivam548@gmail.com"},"res":{"msg":"email sent"}},"timestamp":"2023-05-15T19:47:39.311Z"}
{"level":"info","message":{"req":{"email":"sshivam548@gmail.com"},"res":{"msg":"email sent"}},"timestamp":"2023-05-15T19:49:01.769Z"}
{"level":"info","message":{"req":{"email":"sshivam548@gmail.com"},"res":{"msg":"email sent"}},"timestamp":"2023-05-15T19:50:50.205Z"}
{"level":"info","message":{"req":{"email":"sshivam548@gmail.com"},"res":{"check":true}},"timestamp":"2023-05-16T16:05:54.568Z"}
{"level":"info","message":{"req":{"email":"sshivam548@gmail.com"},"res":{"check":true}},"timestamp":"2023-05-16T16:06:40.712Z"}
{"level":"info","message":{"req":{"email":"sshivam548@gmail.com"},"res":{"check":"1"}},"timestamp":"2023-05-16T16:47:13.090Z"}
{"level":"info","message":{"req":{"email":"sshivam548@gmail.com"},"res":{"check":"1"}},"timestamp":"2023-05-16T16:47:33.255Z"}
{"level":"info","message":{"req":{"email":"sshivam548@gmail.com"},"res":{"check":1}},"timestamp":"2023-05-16T16:49:27.065Z"}
{"level":"info","message":{"req":{"email":"sshivam548@gmail.com"},"res":{"check":1}},"timestamp":"2023-05-16T16:49:45.090Z"}
{"level":"info","message":{"req":{"email":"sshivam548@gmail.com"},"res":{"error":"You are not authorize."}},"timestamp":"2023-05-16T16:55:29.000Z"}
{"level":"info","message":{"req":{"email":"sshivam548@gmail.com"},"res":{"error":"You are not authorize."}},"timestamp":"2023-05-16T17:24:45.672Z"}
{"level":"info","message":{"req":{"email":"sshivam548@gmail.com","password":"123456789012"},"res":{"status":true,"token":"21|eyJhbGciOiJIUzI1NiIsInR5cCI6IkpXVCJ9.eyJ1c2VySWQiOjEsImV4cCI6MTcxNTc5NDA1MCwiaWF0IjoxNjg0MjU4MDUwfQ.8OrQDl0xV4_XXV4JyQnwCZSw5goLQSsrAtQYOhCuNQY","user":{"email":"sshivam548@gmail.com","id":1,"name":"shivam sahu2","password":"$2b$10$zcQjkwKRUnmOGOsBMxVvH.wA/5vcAJ.q/Nq47PnoJsq8ucEEdwWj2"}}},"timestamp":"2023-05-16T17:27:30.041Z"}
{"level":"info","message":{"req":{"email":"sshivam548@gmail.com"},"res":{"status":true}},"timestamp":"2023-05-16T17:29:15.536Z"}
{"level":"info","message":{"req":{"email":"sshivam548@gmail.com"},"res":{"link":"http://localhost:3000/reset-password/sshivam548@gmail.com/eyJhbGciOiJIUzI1NiIsInR5cCI6IkpXVCJ9.eyJlbWFpbCI6InNzaGl2YW01NDhAZ21haWwuY29tIiwiaWF0IjoxNjg0MjYwNTI0LCJleHAiOjE2ODQyNjE0MjR9.jUs3UCHHAtdlOxCbJfQpsnw4M52-dpX7FiuBNSKUlAM","msg":"Email has been sent","status":true}},"timestamp":"2023-05-16T18:08:44.715Z"}
{"level":"info","message":{"req":{"email":"sshivam548@gmail.com","token":"eyJhbGciOiJIUzI1NiIsInR5cCI6IkpXVCJ9.eyJlbWFpbCI6InNzaGl2YW01NDhAZ21haWwuY29tIiwiaWF0IjoxNjg0MjYwNTI0LCJleHAiOjE2ODQyNjE0MjR9.jUs3UCHHAtdlOxCbJfQpsnw4M52-dpX7FiuBNSKUlAM"},"res":{"errors":[{"location":"body","msg":"must be at lest 8 character","path":"password","type":"field"}]}},"timestamp":"2023-05-16T18:43:20.328Z"}
{"level":"info","message":{"req":{"confirm_password":"password1","email":"sshivam548@gmail.com","password":"password","token":"eyJhbGciOiJIUzI1NiIsInR5cCI6IkpXVCJ9.eyJlbWFpbCI6InNzaGl2YW01NDhAZ21haWwuY29tIiwiaWF0IjoxNjg0MjYwNTI0LCJleHAiOjE2ODQyNjE0MjR9.jUs3UCHHAtdlOxCbJfQpsnw4M52-dpX7FiuBNSKUlAM"},"res":{"errors":[{"location":"body","msg":"Confirm password does not match","path":"confirm_password","type":"field","value":"password1"}]}},"timestamp":"2023-05-16T18:46:53.774Z"}
{"level":"info","message":{"req":{"confirm_password":"password","email":"sshivam548@gmail.com","password":"password","token":"eyJhbGciOiJIUzI1NiIsInR5cCI6IkpXVCJ9.eyJlbWFpbCI6InNzaGl2YW01NDhAZ21haWwuY29tIiwiaWF0IjoxNjg0MjYwNTI0LCJleHAiOjE2ODQyNjE0MjR9.jUs3UCHHAtdlOxCbJfQpsnw4M52-dpX7FiuBNSKUlAM"},"res":{"check":1}},"timestamp":"2023-05-16T18:47:29.294Z"}
{"level":"info","message":{"req":{"confirm_password":"password","email":"sshivam548@gmail.com","password":"password","token":"eyJhbGciOiJIUzI1NiIsInR5cCI6IkpXVCJ9.eyJlbWFpbCI6InNzaGl2YW01NDhAZ21haWwuY29tIiwiaWF0IjoxNjg0MjYwNTI0LCJleHAiOjE2ODQyNjE0MjR9.jUs3UCHHAtdlOxCbJfQpsnw4M52-dpX7FiuBNSKUlAM"},"res":{"check":1}},"timestamp":"2023-05-16T19:25:10.247Z"}
{"level":"info","message":{"req":{"confirm_password":"password","email":"sshivam548@gmail.com","password":"password","token":"eyJhbGciOiJIUzI1NiIsInR5cCI6IkpXVCJ9.eyJlbWFpbCI6InNzaGl2YW01NDhAZ21haWwuY29tIiwiaWF0IjoxNjg0MjYwNTI0LCJleHAiOjE2ODQyNjE0MjR9.jUs3UCHHAtdlOxCbJfQpsnw4M52-dpX7FiuBNSKUlAM"},"res":{"msg":"Server Error: Internal Server Issue","status":false}},"timestamp":"2023-05-16T19:38:47.889Z"}
{"level":"info","message":{"req":{"email":"sshivam548@gmail.com"},"res":{"link":"http://localhost:3000/reset-password/sshivam548@gmail.com/eyJhbGciOiJIUzI1NiIsInR5cCI6IkpXVCJ9.eyJlbWFpbCI6InNzaGl2YW01NDhAZ21haWwuY29tIiwiaWF0IjoxNjg0MjY1OTQ1LCJleHAiOjE2ODQyNjY4NDV9.O197HWRpT6kTyhhRDcLBwgrJY2lK9qBDoejddqF_H8w","msg":"Email has been sent","status":true}},"timestamp":"2023-05-16T19:39:05.642Z"}
{"level":"info","message":{"req":{"confirm_password":"password","email":"sshivam548@gmail.com","password":"password","token":"eyJhbGciOiJIUzI1NiIsInR5cCI6IkpXVCJ9.eyJlbWFpbCI6InNzaGl2YW01NDhAZ21haWwuY29tIiwiaWF0IjoxNjg0MjY1OTQ1LCJleHAiOjE2ODQyNjY4NDV9.O197HWRpT6kTyhhRDcLBwgrJY2lK9qBDoejddqF_H8w"},"res":{"msg":"Server Error: Internal Server Issue","status":false}},"timestamp":"2023-05-16T19:39:25.700Z"}
{"level":"info","message":{"req":{"confirm_password":"password","email":"sshivam548@gmail.com","password":"password","token":"eyJhbGciOiJIUzI1NiIsInR5cCI6IkpXVCJ9.eyJlbWFpbCI6InNzaGl2YW01NDhAZ21haWwuY29tIiwiaWF0IjoxNjg0MjY1OTQ1LCJleHAiOjE2ODQyNjY4NDV9.O197HWRpT6kTyhhRDcLBwgrJY2lK9qBDoejddqF_H8w"},"res":{"email":"sshivam548@gmail.com","exp":1684266845,"iat":1684265945}},"timestamp":"2023-05-16T19:42:57.892Z"}
{"level":"info","message":{"req":{"confirm_password":"password","email":"sshivam548@gmail.com","password":"password","token":"eyJhbGciOiJIUzI1NiIsInR5cCI6IkpXVCJ9.eyJlbWFpbCI6InNzaGl2YW01NDhAZ21haWwuY29tIiwiaWF0IjoxNjg0MjY1OTQ1LCJleHAiOjE2ODQyNjY4NDV9.O197HWRpT6kTyhhRDcLBwgrJY2lK9qBDoejddqF_H8w"},"res":{"msg":"Password has been changed","status":true}},"timestamp":"2023-05-16T19:43:38.302Z"}
{"level":"info","message":{"req":{"email":"sshivam548@gmail.com","password":"123456789012"},"res":{"err":"Wrong password"}},"timestamp":"2023-05-16T19:43:48.807Z"}
{"level":"info","message":{"req":{"email":"sshivam548@gmail.com","password":"password"},"res":{"status":true,"token":"22|eyJhbGciOiJIUzI1NiIsInR5cCI6IkpXVCJ9.eyJ1c2VySWQiOjEsImV4cCI6MTcxNTgwMjIzOCwiaWF0IjoxNjg0MjY2MjM4fQ.vv_XdxzlkhR850Rp6yJ_Rt_TQJb2ecahhsXFcZLQzQE","user":{"email":"sshivam548@gmail.com","id":1,"name":"shivam sahu2","password":"$2b$10$awZvzenYl4WXAT7yQqM82erNpX/xpFEflPVXFGASHlEkLD/EIR/VW"}}},"timestamp":"2023-05-16T19:43:58.919Z"}
{"level":"info","message":{"req":{"email":"sshivam548@gmail.com","password":"password"},"res":{"status":true,"token":"23|eyJhbGciOiJIUzI1NiIsInR5cCI6IkpXVCJ9.eyJ1c2VySWQiOjEsImV4cCI6MTcxNTgwMjgzNiwiaWF0IjoxNjg0MjY2ODM2fQ.UfBYXSXZJQjUm3IBps969RM03Xb8E0MB7bmOr3i_pho","user":{"email":"sshivam548@gmail.com","id":1,"name":"shivam sahu2","password":"$2b$10$awZvzenYl4WXAT7yQqM82erNpX/xpFEflPVXFGASHlEkLD/EIR/VW"}}},"timestamp":"2023-05-16T19:53:56.159Z"}
{"level":"info","message":{"req":{"email":"sshivam548@gmail.com"},"res":{"link":"http://http://localhost:3001/reset-password/sshivam548@gmail.com/eyJhbGciOiJIUzI1NiIsInR5cCI6IkpXVCJ9.eyJlbWFpbCI6InNzaGl2YW01NDhAZ21haWwuY29tIiwiaWF0IjoxNjg0MjY2ODQxLCJleHAiOjE2ODQyNjc3NDF9.pkeYtdNCGbCRpXrKFCYYE0HdBfZhu63TQ-FN5F3TMMo","msg":"Email has been sent","status":true}},"timestamp":"2023-05-16T19:54:01.812Z"}
{"level":"info","message":{"req":{"email":"sshivam548@gmail.com"},"res":{"link":"http://localhost:3001/reset-password/sshivam548@gmail.com/eyJhbGciOiJIUzI1NiIsInR5cCI6IkpXVCJ9.eyJlbWFpbCI6InNzaGl2YW01NDhAZ21haWwuY29tIiwiaWF0IjoxNjg0MjY2ODU1LCJleHAiOjE2ODQyNjc3NTV9.qp4CcUzldMHClIc6VcuhJsjeZtQuMCUVF4rJ7HAmonE","msg":"Email has been sent","status":true}},"timestamp":"2023-05-16T19:54:15.643Z"}
{"level":"info","message":{"req":{"email":"sshivam548@gmail.com"},"res":{"link":"http://localhost:3001/reset-password/sshivam548@gmail.com/eyJhbGciOiJIUzI1NiIsInR5cCI6IkpXVCJ9.eyJlbWFpbCI6InNzaGl2YW01NDhAZ21haWwuY29tIiwiaWF0IjoxNjg0MjY3ODQ2LCJleHAiOjE2ODQyNjg3NDZ9.-kiLfi6N55IKOcvn9SA-94B5xJHG9XEz6RXoReoIlXM","msg":"Email has been sent","status":true}},"timestamp":"2023-05-16T20:10:46.110Z"}
{"level":"info","message":{"req":{"confirm_password":"password","email":"sshivam548@gmail.com","password":"password","token":"eyJhbGciOiJIUzI1NiIsInR5cCI6IkpXVCJ9.eyJlbWFpbCI6InNzaGl2YW01NDhAZ21haWwuY29tIiwiaWF0IjoxNjg0MjY1OTQ1LCJleHAiOjE2ODQyNjY4NDV9.O197HWRpT6kTyhhRDcLBwgrJY2lK9qBDoejddqF_H8w"},"res":{"error":"Token is not valid"}},"timestamp":"2023-05-16T20:10:58.725Z"}
{"level":"info","message":{"req":{"confirm_password":"password","email":"sshivam548@gmail.com","password":"password","token":"eyJhbGciOiJIUzI1NiIsInR5cCI6IkpXVCJ9.eyJlbWFpbCI6InNzaGl2YW01NDhAZ21haWwuY29tIiwiaWF0IjoxNjg0MjY3ODQ2LCJleHAiOjE2ODQyNjg3NDZ9.-kiLfi6N55IKOcvn9SA-94B5xJHG9XEz6RXoReoIlXM"},"res":{"msg":"Password has been changed","status":true}},"timestamp":"2023-05-16T20:11:18.294Z"}
{"level":"info","message":{"req":{"email":"sshivam548@gmail.com"},"res":{"link":"http://localhost:3001/reset-password/sshivam548@gmail.com/eyJhbGciOiJIUzI1NiIsInR5cCI6IkpXVCJ9.eyJlbWFpbCI6InNzaGl2YW01NDhAZ21haWwuY29tIiwiaWF0IjoxNjg0MjY3ODkxLCJleHAiOjE2ODQyNjg3OTF9.0WiaL6JhtRu9Cbao84CK4H0aDIYMY4rwS5oj-yYNoJY","msg":"Email has been sent","status":true}},"timestamp":"2023-05-16T20:11:31.152Z"}
{"level":"info","message":{"req":{"email":"sshivam548@gmail.com"},"res":{"link":"http://localhost:3001/reset-password/sshivam548@gmail.com/eyJhbGciOiJIUzI1NiIsInR5cCI6IkpXVCJ9.eyJlbWFpbCI6InNzaGl2YW01NDhAZ21haWwuY29tIiwiaWF0IjoxNjg0MjY3OTQxLCJleHAiOjE2ODQyNjg4NDF9.90xIle7V1-SeJdE934hXssOl3JNRUIRrQpXBOqdpAH0","msg":"Email has been sent","status":true}},"timestamp":"2023-05-16T20:12:21.665Z"}
{"level":"info","message":{"req":{"email":"sshivam548@gmail.com"},"res":{"link":"http://localhost:3001/reset-password/sshivam548@gmail.com/eyJhbGciOiJIUzI1NiIsInR5cCI6IkpXVCJ9.eyJlbWFpbCI6InNzaGl2YW01NDhAZ21haWwuY29tIiwiaWF0IjoxNjg0MjcwMjkyLCJleHAiOjE2ODQyNzExOTJ9.cOxelX5sMZdK1-XZtpK5cGtABYTmEFf2FH2TcEm_Qwo","msg":"Email has been sent","status":true}},"timestamp":"2023-05-16T20:51:32.937Z"}
{"level":"info","message":{"req":{"email":"sshivam548@gmail.com"},"res":{"templatePath":"C:\\nodejs\\vege-nodejs\\controllers\\api\\forgot-password.ejs"}},"timestamp":"2023-05-17T19:33:50.989Z"}
{"level":"info","message":{"req":{"email":"sshivam548@gmail.com"},"res":{"templatePath":"C:\\nodejs\\vege-nodejs\\forgot-password.ejs"}},"timestamp":"2023-05-17T19:38:16.611Z"}
{"level":"info","message":{"req":{"email":"sshivam548@gmail.com"},"res":{"templatePath":"C:\\nodejs\\vege-nodejs\\resources\\views\\email\\forgot-password.ejs"}},"timestamp":"2023-05-17T19:39:46.841Z"}
{"level":"info","message":{"req":{"email":"sshivam548@gmail.com"},"res":{"templatePath":"C:\\nodejs\\vege-nodejs\\resources\\views\\email\\forgot-password.ejs"}},"timestamp":"2023-05-17T19:52:13.518Z"}
{"level":"info","message":{"req":{"email":"sshivam548@gmail.com"},"res":{"link":"http://localhost:3001/reset-password/sshivam548@gmail.com/eyJhbGciOiJIUzI1NiIsInR5cCI6IkpXVCJ9.eyJlbWFpbCI6InNzaGl2YW01NDhAZ21haWwuY29tIiwiaWF0IjoxNjg0MzU0OTI5LCJleHAiOjE2ODQzNTU4Mjl9.0c02oTu-8OzYayhJWcGshK5tpSyj5pngqUlFMUJjR44","msg":"Email has been sent","status":true}},"timestamp":"2023-05-17T20:22:09.922Z"}
{"level":"info","message":{"req":{"email":"sshivam548@gmail.com"},"res":{"link":"http://localhost:3001/reset-password/sshivam548@gmail.com/eyJhbGciOiJIUzI1NiIsInR5cCI6IkpXVCJ9.eyJlbWFpbCI6InNzaGl2YW01NDhAZ21haWwuY29tIiwiaWF0IjoxNjg0MzU1OTY0LCJleHAiOjE2ODQzNTY4NjR9.6WBXpgGjWky-bNrN6YzUk9L8GFF0Zm3sEWuteMbFqxc","msg":"Email has been sent","status":true}},"timestamp":"2023-05-17T20:39:24.663Z"}
{"level":"info","message":{"req":{"email":"sshivam548@gmail.com"},"res":{"link":"http://localhost:3001/reset-password/sshivam548@gmail.com/eyJhbGciOiJIUzI1NiIsInR5cCI6IkpXVCJ9.eyJlbWFpbCI6InNzaGl2YW01NDhAZ21haWwuY29tIiwiaWF0IjoxNjg0MzU2MDc5LCJleHAiOjE2ODQzNTY5Nzl9.7-l_ealZWlj8rx9Be-wA2d8dmirVqIyvr1snMeVKFD0","msg":"Email has been sent","status":true}},"timestamp":"2023-05-17T20:41:19.934Z"}
{"level":"info","message":{"req":{"email":"sshivam548@gmail.com"},"res":{"link":"http://localhost:3001/reset-password/sshivam548@gmail.com/eyJhbGciOiJIUzI1NiIsInR5cCI6IkpXVCJ9.eyJlbWFpbCI6InNzaGl2YW01NDhAZ21haWwuY29tIiwiaWF0IjoxNjg0MzU2MTI5LCJleHAiOjE2ODQzNTcwMjl9.tT_w-iDcOwhsVSiGzU0V8xhKB2jtR78-x2P3CSM5S-A","msg":"Email has been sent","status":true}},"timestamp":"2023-05-17T20:42:09.767Z"}
{"level":"info","message":{"req":{"email":"sshivam548@gmail.com"},"res":{"link":"http://localhost:3001/reset-password/sshivam548@gmail.com/eyJhbGciOiJIUzI1NiIsInR5cCI6IkpXVCJ9.eyJlbWFpbCI6InNzaGl2YW01NDhAZ21haWwuY29tIiwiaWF0IjoxNjg0MzU2MjQyLCJleHAiOjE2ODQzNTcxNDJ9.CgmTpOuyzDsgJfOT8EkaFbLcfnbbOA4fDv9BdZzHoR8","msg":"Email has been sent","status":true}},"timestamp":"2023-05-17T20:44:02.248Z"}
{"level":"info","message":{"req":{"email":"sshivam548@gmail.com"},"res":{"link":"http://localhost:3001/reset-password/sshivam548@gmail.com/eyJhbGciOiJIUzI1NiIsInR5cCI6IkpXVCJ9.eyJlbWFpbCI6InNzaGl2YW01NDhAZ21haWwuY29tIiwiaWF0IjoxNjg0MzU2Mjc2LCJleHAiOjE2ODQzNTcxNzZ9.d9jwRznhZOttnqtidNCA6mqCYQXtrnqMQShOIPtKsUQ","msg":"Email has been sent","status":true}},"timestamp":"2023-05-17T20:44:36.817Z"}
